<?xml version="1.0" encoding="UTF-8"?>
<!-- Generated by org.testng.reporters.JUnitReportReporter -->
<testsuite hostname="nbcp-031" failures="0" tests="5" name="HW18.CalculatorTest" time="0.005" errors="0" timestamp="2025-04-04T19:24:11 EEST" skipped="0">
  <testcase classname="HW18.CalculatorTest" name="testAddition" time="0.002"/>
  <testcase classname="HW18.CalculatorTest" name="testSubtraction" time="0.000"/>
  <testcase classname="HW18.CalculatorTest" name="testMultiplication" time="0.001"/>
  <testcase classname="HW18.CalculatorTest" name="testDivision" time="0.001"/>
  <testcase classname="HW18.CalculatorTest" name="testDivideByZero" time="0.001"/>
</testsuite> <!-- HW18.CalculatorTest -->
